E:\SUNDUO\SIMPLEINSECTRADAR_V2_20180329\DEBUG\SIMPLEINSECTRADAR.EXE
E:\SUNDUO\SIMPLEINSECTRADAR_V2_20180329\DEBUG\SIMPLEINSECTRADAR.ILK
E:\SUNDUO\SIMPLEINSECTRADAR_V2_20180329\DEBUG\SIMPLEINSECTRADAR.PDB
E:\SUNDUO\SIMPLEINSECTRADAR_V2_20180329\SIMPLEINSECTRADAR\DEBUG\CHARTAXIS.OBJ
E:\SUNDUO\SIMPLEINSECTRADAR_V2_20180329\SIMPLEINSECTRADAR\DEBUG\CHARTAXISLABEL.OBJ
E:\SUNDUO\SIMPLEINSECTRADAR_V2_20180329\SIMPLEINSECTRADAR\DEBUG\CHARTBARSERIE.OBJ
E:\SUNDUO\SIMPLEINSECTRADAR_V2_20180329\SIMPLEINSECTRADAR\DEBUG\CHARTCANDLESTICKSERIE.OBJ
E:\SUNDUO\SIMPLEINSECTRADAR_V2_20180329\SIMPLEINSECTRADAR\DEBUG\CHARTCROSSHAIRCURSOR.OBJ
E:\SUNDUO\SIMPLEINSECTRADAR_V2_20180329\SIMPLEINSECTRADAR\DEBUG\CHARTCTRL.OBJ
E:\SUNDUO\SIMPLEINSECTRADAR_V2_20180329\SIMPLEINSECTRADAR\DEBUG\CHARTCURSOR.OBJ
E:\SUNDUO\SIMPLEINSECTRADAR_V2_20180329\SIMPLEINSECTRADAR\DEBUG\CHARTDATETIMEAXIS.OBJ
E:\SUNDUO\SIMPLEINSECTRADAR_V2_20180329\SIMPLEINSECTRADAR\DEBUG\CHARTDRAGLINECURSOR.OBJ
E:\SUNDUO\SIMPLEINSECTRADAR_V2_20180329\SIMPLEINSECTRADAR\DEBUG\CHARTFONT.OBJ
E:\SUNDUO\SIMPLEINSECTRADAR_V2_20180329\SIMPLEINSECTRADAR\DEBUG\CHARTGANTTSERIE.OBJ
E:\SUNDUO\SIMPLEINSECTRADAR_V2_20180329\SIMPLEINSECTRADAR\DEBUG\CHARTGRADIENT.OBJ
E:\SUNDUO\SIMPLEINSECTRADAR_V2_20180329\SIMPLEINSECTRADAR\DEBUG\CHARTGRID.OBJ
E:\SUNDUO\SIMPLEINSECTRADAR_V2_20180329\SIMPLEINSECTRADAR\DEBUG\CHARTLEGEND.OBJ
E:\SUNDUO\SIMPLEINSECTRADAR_V2_20180329\SIMPLEINSECTRADAR\DEBUG\CHARTLINESERIE.OBJ
E:\SUNDUO\SIMPLEINSECTRADAR_V2_20180329\SIMPLEINSECTRADAR\DEBUG\CHARTLOGARITHMICAXIS.OBJ
E:\SUNDUO\SIMPLEINSECTRADAR_V2_20180329\SIMPLEINSECTRADAR\DEBUG\CHARTPOINTSSERIE.OBJ
E:\SUNDUO\SIMPLEINSECTRADAR_V2_20180329\SIMPLEINSECTRADAR\DEBUG\CHARTSCROLLBAR.OBJ
E:\SUNDUO\SIMPLEINSECTRADAR_V2_20180329\SIMPLEINSECTRADAR\DEBUG\CHARTSERIE.OBJ
E:\SUNDUO\SIMPLEINSECTRADAR_V2_20180329\SIMPLEINSECTRADAR\DEBUG\CHARTSTANDARDAXIS.OBJ
E:\SUNDUO\SIMPLEINSECTRADAR_V2_20180329\SIMPLEINSECTRADAR\DEBUG\CHARTSURFACESERIE.OBJ
E:\SUNDUO\SIMPLEINSECTRADAR_V2_20180329\SIMPLEINSECTRADAR\DEBUG\CHARTTITLE.OBJ
E:\SUNDUO\SIMPLEINSECTRADAR_V2_20180329\SIMPLEINSECTRADAR\DEBUG\CHARTXYSERIE.OBJ
E:\sunduo\SimpleInsectRadar_V2_20180329\SimpleInsectRadar\Debug\cl.command.1.tlog
E:\sunduo\SimpleInsectRadar_V2_20180329\SimpleInsectRadar\Debug\CL.read.1.tlog
E:\sunduo\SimpleInsectRadar_V2_20180329\SimpleInsectRadar\Debug\CL.write.1.tlog
E:\SUNDUO\SIMPLEINSECTRADAR_V2_20180329\SIMPLEINSECTRADAR\DEBUG\COMMON.OBJ
E:\SUNDUO\SIMPLEINSECTRADAR_V2_20180329\SIMPLEINSECTRADAR\DEBUG\CURVEFIT.OBJ
E:\SUNDUO\SIMPLEINSECTRADAR_V2_20180329\SIMPLEINSECTRADAR\DEBUG\DIGISTATIC.OBJ
E:\SUNDUO\SIMPLEINSECTRADAR_V2_20180329\SIMPLEINSECTRADAR\DEBUG\DSPF_SP_IFFTSPXSP_CN.OBJ
E:\SUNDUO\SIMPLEINSECTRADAR_V2_20180329\SIMPLEINSECTRADAR\DEBUG\FORMDLG1.OBJ
E:\SUNDUO\SIMPLEINSECTRADAR_V2_20180329\SIMPLEINSECTRADAR\DEBUG\FORMDLG2.OBJ
E:\SUNDUO\SIMPLEINSECTRADAR_V2_20180329\SIMPLEINSECTRADAR\DEBUG\FORMDLG3.OBJ
E:\SUNDUO\SIMPLEINSECTRADAR_V2_20180329\SIMPLEINSECTRADAR\DEBUG\FORMDLG4.OBJ
E:\sunduo\SimpleInsectRadar_V2_20180329\SimpleInsectRadar\Debug\link.command.1.tlog
E:\sunduo\SimpleInsectRadar_V2_20180329\SimpleInsectRadar\Debug\link.read.1.tlog
E:\sunduo\SimpleInsectRadar_V2_20180329\SimpleInsectRadar\Debug\link.write.1.tlog
E:\sunduo\SimpleInsectRadar_V2_20180329\SimpleInsectRadar\Debug\link-cvtres.read.1.tlog
E:\sunduo\SimpleInsectRadar_V2_20180329\SimpleInsectRadar\Debug\link-cvtres.write.1.tlog
E:\sunduo\SimpleInsectRadar_V2_20180329\SimpleInsectRadar\Debug\mt.command.1.tlog
E:\sunduo\SimpleInsectRadar_V2_20180329\SimpleInsectRadar\Debug\mt.read.1.tlog
E:\sunduo\SimpleInsectRadar_V2_20180329\SimpleInsectRadar\Debug\mt.write.1.tlog
E:\SUNDUO\SIMPLEINSECTRADAR_V2_20180329\SIMPLEINSECTRADAR\DEBUG\PARACONFIG.OBJ
E:\SUNDUO\SIMPLEINSECTRADAR_V2_20180329\SIMPLEINSECTRADAR\DEBUG\PULLFILECFG.OBJ
E:\sunduo\SimpleInsectRadar_V2_20180329\SimpleInsectRadar\Debug\rc.command.1.tlog
E:\sunduo\SimpleInsectRadar_V2_20180329\SimpleInsectRadar\Debug\rc.read.1.tlog
E:\sunduo\SimpleInsectRadar_V2_20180329\SimpleInsectRadar\Debug\rc.write.1.tlog
E:\SUNDUO\SIMPLEINSECTRADAR_V2_20180329\SIMPLEINSECTRADAR\DEBUG\SIMPLEINSECTRADAR.EXE.EMBED.MANIFEST
E:\SUNDUO\SIMPLEINSECTRADAR_V2_20180329\SIMPLEINSECTRADAR\DEBUG\SIMPLEINSECTRADAR.EXE.EMBED.MANIFEST.RES
E:\SUNDUO\SIMPLEINSECTRADAR_V2_20180329\SIMPLEINSECTRADAR\DEBUG\SIMPLEINSECTRADAR.EXE.INTERMEDIATE.MANIFEST
E:\SUNDUO\SIMPLEINSECTRADAR_V2_20180329\SIMPLEINSECTRADAR\DEBUG\SIMPLEINSECTRADAR.OBJ
E:\SUNDUO\SIMPLEINSECTRADAR_V2_20180329\SIMPLEINSECTRADAR\DEBUG\SIMPLEINSECTRADAR.PCH
E:\SUNDUO\SIMPLEINSECTRADAR_V2_20180329\SIMPLEINSECTRADAR\DEBUG\SIMPLEINSECTRADAR.RES
E:\sunduo\SimpleInsectRadar_V2_20180329\SimpleInsectRadar\Debug\SimpleInsectRadar.write.1.tlog
E:\sunduo\SimpleInsectRadar_V2_20180329\SimpleInsectRadar\Debug\SimpleInsectRadar_manifest.rc
E:\SUNDUO\SIMPLEINSECTRADAR_V2_20180329\SIMPLEINSECTRADAR\DEBUG\SIMPLEINSECTRADARDLG.OBJ
E:\SUNDUO\SIMPLEINSECTRADAR_V2_20180329\SIMPLEINSECTRADAR\DEBUG\STDAFX.OBJ
E:\SUNDUO\SIMPLEINSECTRADAR_V2_20180329\SIMPLEINSECTRADAR\DEBUG\TCHART1.OBJ
E:\SUNDUO\SIMPLEINSECTRADAR_V2_20180329\SIMPLEINSECTRADAR\DEBUG\TCPCLIENT.OBJ
E:\sunduo\SimpleInsectRadar_V2_20180329\SimpleInsectRadar\Debug\teechart8.tlh
E:\sunduo\SimpleInsectRadar_V2_20180329\SimpleInsectRadar\Debug\teechart8.tli
E:\sunduo\SimpleInsectRadar_V2_20180329\SimpleInsectRadar\Debug\vc100.idb
E:\SUNDUO\SIMPLEINSECTRADAR_V2_20180329\SIMPLEINSECTRADAR\DEBUG\VC100.PDB
