生成启动时间为 2020/6/19 19:32:41。
     1>项目“D:\hxg\0619\SimpleInsectRadar_20200619\SimpleInsectRadar\SimpleInsectRadar.vcxproj”在节点 2 上(build 个目标)。
     1>InitializeBuildStatus:
         正在创建“x64\Debug\SimpleInsectRadar.unsuccessfulbuild”，因为已指定“AlwaysCreate”。
       ClCompile:
         所有输出均为最新。
         D:\Program Files (x86)\Microsoft Visual Studio 10.0\VC\bin\x86_amd64\CL.exe /c /Zi /nologo /W3 /WX- /Od /D WIN32 /D _WINDOWS /D _DEBUG /D _UNICODE /D UNICODE /D _AFXDLL /Gm /EHsc /RTC1 /MDd /GS /fp:precise /Zc:wchar_t /Zc:forScope /Yu"StdAfx.h" /Fp"x64\Debug\SimpleInsectRadar.pch" /Fo"x64\Debug\\" /Fd"x64\Debug\vc100.pdb" /Gd /TP /errorReport:prompt SimpleInsectRadarDlg.cpp
         SimpleInsectRadarDlg.cpp
     1>SimpleInsectRadarDlg.cpp(508): warning C4996: 'wcscat': This function or variable may be unsafe. Consider using wcscat_s instead. To disable deprecation, use _CRT_SECURE_NO_WARNINGS. See online help for details.
                 D:\Program Files (x86)\Microsoft Visual Studio 10.0\VC\include\string.h(276) : 参见“wcscat”的声明
     1>SimpleInsectRadarDlg.cpp(616): warning C4996: 'wcscat': This function or variable may be unsafe. Consider using wcscat_s instead. To disable deprecation, use _CRT_SECURE_NO_WARNINGS. See online help for details.
                 D:\Program Files (x86)\Microsoft Visual Studio 10.0\VC\include\string.h(276) : 参见“wcscat”的声明
     1>SimpleInsectRadarDlg.cpp(709): warning C4996: 'wcscat': This function or variable may be unsafe. Consider using wcscat_s instead. To disable deprecation, use _CRT_SECURE_NO_WARNINGS. See online help for details.
                 D:\Program Files (x86)\Microsoft Visual Studio 10.0\VC\include\string.h(276) : 参见“wcscat”的声明
     1>SimpleInsectRadarDlg.cpp(747): warning C4996: 'wcscat': This function or variable may be unsafe. Consider using wcscat_s instead. To disable deprecation, use _CRT_SECURE_NO_WARNINGS. See online help for details.
                 D:\Program Files (x86)\Microsoft Visual Studio 10.0\VC\include\string.h(276) : 参见“wcscat”的声明
     1>SimpleInsectRadarDlg.cpp(853): warning C4101: “addr2”: 未引用的局部变量
     1>SimpleInsectRadarDlg.cpp(945): warning C4101: “dwWrites”: 未引用的局部变量
     1>SimpleInsectRadarDlg.cpp(1829): warning C4267: “=”: 从“size_t”转换到“int”，可能丢失数据
     1>SimpleInsectRadarDlg.cpp(1835): warning C4267: “=”: 从“size_t”转换到“int”，可能丢失数据
     1>SimpleInsectRadarDlg.cpp(1905): warning C4267: “=”: 从“size_t”转换到“int”，可能丢失数据
     1>SimpleInsectRadarDlg.cpp(1909): warning C4267: “=”: 从“size_t”转换到“int”，可能丢失数据
     1>SimpleInsectRadarDlg.cpp(2283): warning C4996: 'wcscat': This function or variable may be unsafe. Consider using wcscat_s instead. To disable deprecation, use _CRT_SECURE_NO_WARNINGS. See online help for details.
                 D:\Program Files (x86)\Microsoft Visual Studio 10.0\VC\include\string.h(276) : 参见“wcscat”的声明
     1>SimpleInsectRadarDlg.cpp(2286): warning C4800: “BOOL”: 将值强制为布尔值“true”或“false”(性能警告)
     1>SimpleInsectRadarDlg.cpp(2868): warning C4996: 'wcscat': This function or variable may be unsafe. Consider using wcscat_s instead. To disable deprecation, use _CRT_SECURE_NO_WARNINGS. See online help for details.
                 D:\Program Files (x86)\Microsoft Visual Studio 10.0\VC\include\string.h(276) : 参见“wcscat”的声明
     1>SimpleInsectRadarDlg.cpp(2955): warning C4018: “<”: 有符号/无符号不匹配
     1>SimpleInsectRadarDlg.cpp(3000): warning C4244: “初始化”: 从“INT_PTR”转换到“int”，可能丢失数据
     1>SimpleInsectRadarDlg.cpp(3024): warning C4244: “初始化”: 从“INT_PTR”转换到“int”，可能丢失数据
     1>SimpleInsectRadarDlg.cpp(3151): warning C4244: “初始化”: 从“double”转换到“int”，可能丢失数据
     1>SimpleInsectRadarDlg.cpp(3339): warning C4996: 'wcscat': This function or variable may be unsafe. Consider using wcscat_s instead. To disable deprecation, use _CRT_SECURE_NO_WARNINGS. See online help for details.
                 D:\Program Files (x86)\Microsoft Visual Studio 10.0\VC\include\string.h(276) : 参见“wcscat”的声明
     1>SimpleInsectRadarDlg.cpp(3566): warning C4996: 'wcscat': This function or variable may be unsafe. Consider using wcscat_s instead. To disable deprecation, use _CRT_SECURE_NO_WARNINGS. See online help for details.
                 D:\Program Files (x86)\Microsoft Visual Studio 10.0\VC\include\string.h(276) : 参见“wcscat”的声明
     1>SimpleInsectRadarDlg.cpp(3585): warning C4244: “初始化”: 从“INT_PTR”转换到“int”，可能丢失数据
     1>SimpleInsectRadarDlg.cpp(3630): warning C4244: “初始化”: 从“INT_PTR”转换到“int”，可能丢失数据
     1>SimpleInsectRadarDlg.cpp(3653): warning C4244: “初始化”: 从“INT_PTR”转换到“int”，可能丢失数据
       ResourceCompile:
         所有输出均为最新。
       ManifestResourceCompile:
         所有输出均为最新。
       Link:
         D:\Program Files (x86)\Microsoft Visual Studio 10.0\VC\bin\x86_amd64\link.exe /ERRORREPORT:PROMPT /OUT:"D:\hxg\0619\SimpleInsectRadar_20200619\x64\Debug\SimpleInsectRadar.exe" /INCREMENTAL /NOLOGO libeng.lib libmat.lib libmex.lib libmx.lib mclmcrrt.lib mclmcr.lib libfunc_Playback_VerticalLookingMode.lib /MANIFEST /ManifestFile:"x64\Debug\SimpleInsectRadar.exe.intermediate.manifest" /MANIFESTUAC:"level='asInvoker' uiAccess='false'" /DEBUG /PDB:"D:\hxg\0619\SimpleInsectRadar_20200619\x64\Debug\SimpleInsectRadar.pdb" /SUBSYSTEM:WINDOWS /TLBID:1 /ENTRY:"wWinMainCRTStartup" /DYNAMICBASE /NXCOMPAT /IMPLIB:"D:\hxg\0619\SimpleInsectRadar_20200619\x64\Debug\SimpleInsectRadar.lib" /MACHINE:X64 x64\Debug\SimpleInsectRadar.res
         x64\Debug\SimpleInsectRadar.exe.embed.manifest.res
         x64\Debug\ChartAxis.obj
         x64\Debug\ChartAxisLabel.obj
         x64\Debug\ChartBarSerie.obj
         x64\Debug\ChartCandlestickSerie.obj
         x64\Debug\ChartCrossHairCursor.obj
         x64\Debug\ChartCtrl.obj
         x64\Debug\ChartCursor.obj
         x64\Debug\ChartDateTimeAxis.obj
         x64\Debug\ChartDragLineCursor.obj
         x64\Debug\ChartFont.obj
         x64\Debug\ChartGanttSerie.obj
         x64\Debug\ChartGradient.obj
         x64\Debug\ChartGrid.obj
         x64\Debug\ChartLegend.obj
         x64\Debug\ChartLineSerie.obj
         x64\Debug\ChartLogarithmicAxis.obj
         x64\Debug\ChartPointsSerie.obj
         x64\Debug\ChartScrollBar.obj
         x64\Debug\ChartSerie.obj
         x64\Debug\ChartStandardAxis.obj
         x64\Debug\ChartSurfaceSerie.obj
         x64\Debug\ChartTitle.obj
         x64\Debug\ChartXYSerie.obj
         x64\Debug\CLogFile.obj
         x64\Debug\CommFun.obj
         x64\Debug\common.obj
         x64\Debug\Curvefit.obj
         x64\Debug\Digistatic.obj
         x64\Debug\DSPF_sp_ifftSPxSP_cn.obj
         x64\Debug\FormDlg1.obj
         x64\Debug\FormDlg2.obj
         x64\Debug\FormDlg3.obj
         x64\Debug\FormDlg4.obj
         x64\Debug\FormDlg5.obj
         x64\Debug\ParaConfig.obj
         x64\Debug\PullFileCfg.obj
         x64\Debug\SimpleInsectRadar.obj
         x64\Debug\SimpleInsectRadarDlg.obj
         x64\Debug\stdafx.obj
         x64\Debug\TCPClient.obj
         x64\Debug\UDPClient.obj
         SimpleInsectRadar.vcxproj -> D:\hxg\0619\SimpleInsectRadar_20200619\x64\Debug\SimpleInsectRadar.exe
       Manifest:
         C:\Program Files (x86)\Microsoft SDKs\Windows\v7.0A\bin\mt.exe /nologo /verbose /out:"x64\Debug\SimpleInsectRadar.exe.embed.manifest" /manifest x64\Debug\SimpleInsectRadar.exe.intermediate.manifest "D:\Program Files (x86)\Microsoft Visual Studio 10.0\VC\Include\Manifest\dpiaware.manifest"
         所有输出均为最新。
       LinkEmbedManifest:
         所有输出均为最新。
         SimpleInsectRadar.vcxproj -> D:\hxg\0619\SimpleInsectRadar_20200619\x64\Debug\SimpleInsectRadar.exe
       FinalizeBuildStatus:
         正在删除文件“x64\Debug\SimpleInsectRadar.unsuccessfulbuild”。
         正在对“x64\Debug\SimpleInsectRadar.lastbuildstate”执行 Touch 任务。
     1>已完成生成项目“D:\hxg\0619\SimpleInsectRadar_20200619\SimpleInsectRadar\SimpleInsectRadar.vcxproj”(build 个目标)的操作。

生成成功。

已用时间 00:00:01.09
