D:\HXG\0619\SIMPLEINSECTRADAR_20200619\SIMPLEINSECTRADAR\X64\DEBUG\CHARTAXIS.OBJ
D:\HXG\0619\SIMPLEINSECTRADAR_20200619\SIMPLEINSECTRADAR\X64\DEBUG\CHARTAXISLABEL.OBJ
D:\HXG\0619\SIMPLEINSECTRADAR_20200619\SIMPLEINSECTRADAR\X64\DEBUG\CHARTBARSERIE.OBJ
D:\HXG\0619\SIMPLEINSECTRADAR_20200619\SIMPLEINSECTRADAR\X64\DEBUG\CHARTCANDLESTICKSERIE.OBJ
D:\HXG\0619\SIMPLEINSECTRADAR_20200619\SIMPLEINSECTRADAR\X64\DEBUG\CHARTCROSSHAIRCURSOR.OBJ
D:\HXG\0619\SIMPLEINSECTRADAR_20200619\SIMPLEINSECTRADAR\X64\DEBUG\CHARTCTRL.OBJ
D:\HXG\0619\SIMPLEINSECTRADAR_20200619\SIMPLEINSECTRADAR\X64\DEBUG\CHARTCURSOR.OBJ
D:\HXG\0619\SIMPLEINSECTRADAR_20200619\SIMPLEINSECTRADAR\X64\DEBUG\CHARTDATETIMEAXIS.OBJ
D:\HXG\0619\SIMPLEINSECTRADAR_20200619\SIMPLEINSECTRADAR\X64\DEBUG\CHARTDRAGLINECURSOR.OBJ
D:\HXG\0619\SIMPLEINSECTRADAR_20200619\SIMPLEINSECTRADAR\X64\DEBUG\CHARTFONT.OBJ
D:\HXG\0619\SIMPLEINSECTRADAR_20200619\SIMPLEINSECTRADAR\X64\DEBUG\CHARTGANTTSERIE.OBJ
D:\HXG\0619\SIMPLEINSECTRADAR_20200619\SIMPLEINSECTRADAR\X64\DEBUG\CHARTGRADIENT.OBJ
D:\HXG\0619\SIMPLEINSECTRADAR_20200619\SIMPLEINSECTRADAR\X64\DEBUG\CHARTGRID.OBJ
D:\HXG\0619\SIMPLEINSECTRADAR_20200619\SIMPLEINSECTRADAR\X64\DEBUG\CHARTLEGEND.OBJ
D:\HXG\0619\SIMPLEINSECTRADAR_20200619\SIMPLEINSECTRADAR\X64\DEBUG\CHARTLINESERIE.OBJ
D:\HXG\0619\SIMPLEINSECTRADAR_20200619\SIMPLEINSECTRADAR\X64\DEBUG\CHARTLOGARITHMICAXIS.OBJ
D:\HXG\0619\SIMPLEINSECTRADAR_20200619\SIMPLEINSECTRADAR\X64\DEBUG\CHARTPOINTSSERIE.OBJ
D:\HXG\0619\SIMPLEINSECTRADAR_20200619\SIMPLEINSECTRADAR\X64\DEBUG\CHARTSCROLLBAR.OBJ
D:\HXG\0619\SIMPLEINSECTRADAR_20200619\SIMPLEINSECTRADAR\X64\DEBUG\CHARTSERIE.OBJ
D:\HXG\0619\SIMPLEINSECTRADAR_20200619\SIMPLEINSECTRADAR\X64\DEBUG\CHARTSTANDARDAXIS.OBJ
D:\HXG\0619\SIMPLEINSECTRADAR_20200619\SIMPLEINSECTRADAR\X64\DEBUG\CHARTSURFACESERIE.OBJ
D:\HXG\0619\SIMPLEINSECTRADAR_20200619\SIMPLEINSECTRADAR\X64\DEBUG\CHARTTITLE.OBJ
D:\HXG\0619\SIMPLEINSECTRADAR_20200619\SIMPLEINSECTRADAR\X64\DEBUG\CHARTXYSERIE.OBJ
D:\hxg\0619\SimpleInsectRadar_20200619\SimpleInsectRadar\x64\Debug\cl.command.1.tlog
D:\hxg\0619\SimpleInsectRadar_20200619\SimpleInsectRadar\x64\Debug\CL.read.1.tlog
D:\hxg\0619\SimpleInsectRadar_20200619\SimpleInsectRadar\x64\Debug\CL.write.1.tlog
D:\HXG\0619\SIMPLEINSECTRADAR_20200619\SIMPLEINSECTRADAR\X64\DEBUG\CLOGFILE.OBJ
D:\HXG\0619\SIMPLEINSECTRADAR_20200619\SIMPLEINSECTRADAR\X64\DEBUG\COMMFUN.OBJ
D:\HXG\0619\SIMPLEINSECTRADAR_20200619\SIMPLEINSECTRADAR\X64\DEBUG\COMMON.OBJ
D:\HXG\0619\SIMPLEINSECTRADAR_20200619\SIMPLEINSECTRADAR\X64\DEBUG\CURVEFIT.OBJ
D:\HXG\0619\SIMPLEINSECTRADAR_20200619\SIMPLEINSECTRADAR\X64\DEBUG\DIGISTATIC.OBJ
D:\HXG\0619\SIMPLEINSECTRADAR_20200619\SIMPLEINSECTRADAR\X64\DEBUG\DSPF_SP_IFFTSPXSP_CN.OBJ
D:\HXG\0619\SIMPLEINSECTRADAR_20200619\SIMPLEINSECTRADAR\X64\DEBUG\FORMDLG1.OBJ
D:\HXG\0619\SIMPLEINSECTRADAR_20200619\SIMPLEINSECTRADAR\X64\DEBUG\FORMDLG2.OBJ
D:\HXG\0619\SIMPLEINSECTRADAR_20200619\SIMPLEINSECTRADAR\X64\DEBUG\FORMDLG3.OBJ
D:\HXG\0619\SIMPLEINSECTRADAR_20200619\SIMPLEINSECTRADAR\X64\DEBUG\FORMDLG4.OBJ
D:\HXG\0619\SIMPLEINSECTRADAR_20200619\SIMPLEINSECTRADAR\X64\DEBUG\FORMDLG5.OBJ
D:\hxg\0619\SimpleInsectRadar_20200619\SimpleInsectRadar\x64\Debug\link.command.1.tlog
D:\hxg\0619\SimpleInsectRadar_20200619\SimpleInsectRadar\x64\Debug\link.read.1.tlog
D:\hxg\0619\SimpleInsectRadar_20200619\SimpleInsectRadar\x64\Debug\link.write.1.tlog
D:\hxg\0619\SimpleInsectRadar_20200619\SimpleInsectRadar\x64\Debug\link-cvtres.read.1.tlog
D:\hxg\0619\SimpleInsectRadar_20200619\SimpleInsectRadar\x64\Debug\link-cvtres.write.1.tlog
D:\hxg\0619\SimpleInsectRadar_20200619\SimpleInsectRadar\x64\Debug\mt.command.1.tlog
D:\hxg\0619\SimpleInsectRadar_20200619\SimpleInsectRadar\x64\Debug\mt.read.1.tlog
D:\hxg\0619\SimpleInsectRadar_20200619\SimpleInsectRadar\x64\Debug\mt.write.1.tlog
D:\HXG\0619\SIMPLEINSECTRADAR_20200619\SIMPLEINSECTRADAR\X64\DEBUG\PARACONFIG.OBJ
D:\HXG\0619\SIMPLEINSECTRADAR_20200619\SIMPLEINSECTRADAR\X64\DEBUG\PULLFILECFG.OBJ
D:\hxg\0619\SimpleInsectRadar_20200619\SimpleInsectRadar\x64\Debug\rc.command.1.tlog
D:\hxg\0619\SimpleInsectRadar_20200619\SimpleInsectRadar\x64\Debug\rc.read.1.tlog
D:\hxg\0619\SimpleInsectRadar_20200619\SimpleInsectRadar\x64\Debug\rc.write.1.tlog
D:\hxg\0619\SimpleInsectRadar_20200619\SimpleInsectRadar\x64\Debug\SimpleInsectRadar.exe.embed.manifest
D:\HXG\0619\SIMPLEINSECTRADAR_20200619\SIMPLEINSECTRADAR\X64\DEBUG\SIMPLEINSECTRADAR.EXE.EMBED.MANIFEST.RES
D:\HXG\0619\SIMPLEINSECTRADAR_20200619\SIMPLEINSECTRADAR\X64\DEBUG\SIMPLEINSECTRADAR.EXE.INTERMEDIATE.MANIFEST
D:\HXG\0619\SIMPLEINSECTRADAR_20200619\SIMPLEINSECTRADAR\X64\DEBUG\SIMPLEINSECTRADAR.OBJ
D:\HXG\0619\SIMPLEINSECTRADAR_20200619\SIMPLEINSECTRADAR\X64\DEBUG\SIMPLEINSECTRADAR.PCH
D:\HXG\0619\SIMPLEINSECTRADAR_20200619\SIMPLEINSECTRADAR\X64\DEBUG\SIMPLEINSECTRADAR.RES
D:\hxg\0619\SimpleInsectRadar_20200619\SimpleInsectRadar\x64\Debug\SimpleInsectRadar.write.1.tlog
D:\hxg\0619\SimpleInsectRadar_20200619\SimpleInsectRadar\x64\Debug\SimpleInsectRadar_manifest.rc
D:\HXG\0619\SIMPLEINSECTRADAR_20200619\SIMPLEINSECTRADAR\X64\DEBUG\SIMPLEINSECTRADARDLG.OBJ
D:\HXG\0619\SIMPLEINSECTRADAR_20200619\SIMPLEINSECTRADAR\X64\DEBUG\STDAFX.OBJ
D:\HXG\0619\SIMPLEINSECTRADAR_20200619\SIMPLEINSECTRADAR\X64\DEBUG\TCPCLIENT.OBJ
D:\HXG\0619\SIMPLEINSECTRADAR_20200619\SIMPLEINSECTRADAR\X64\DEBUG\UDPCLIENT.OBJ
D:\hxg\0619\SimpleInsectRadar_20200619\SimpleInsectRadar\x64\Debug\vc100.idb
D:\HXG\0619\SIMPLEINSECTRADAR_20200619\SIMPLEINSECTRADAR\X64\DEBUG\VC100.PDB
D:\HXG\0619\SIMPLEINSECTRADAR_20200619\X64\DEBUG\SIMPLEINSECTRADAR.EXE
D:\HXG\0619\SIMPLEINSECTRADAR_20200619\X64\DEBUG\SIMPLEINSECTRADAR.ILK
D:\HXG\0619\SIMPLEINSECTRADAR_20200619\X64\DEBUG\SIMPLEINSECTRADAR.PDB
D:\HXG\PROGRAM\TC\02_程序\02_小雷达\02_TEST\0616\SIMPLEINSECTRADAR_20200618\SIMPLEINSECTRADAR\X64\DEBUG\CHARTAXIS.OBJ
D:\HXG\PROGRAM\TC\02_程序\02_小雷达\02_TEST\0616\SIMPLEINSECTRADAR_20200618\SIMPLEINSECTRADAR\X64\DEBUG\CHARTAXISLABEL.OBJ
D:\HXG\PROGRAM\TC\02_程序\02_小雷达\02_TEST\0616\SIMPLEINSECTRADAR_20200618\SIMPLEINSECTRADAR\X64\DEBUG\CHARTBARSERIE.OBJ
D:\HXG\PROGRAM\TC\02_程序\02_小雷达\02_TEST\0616\SIMPLEINSECTRADAR_20200618\SIMPLEINSECTRADAR\X64\DEBUG\CHARTCANDLESTICKSERIE.OBJ
D:\HXG\PROGRAM\TC\02_程序\02_小雷达\02_TEST\0616\SIMPLEINSECTRADAR_20200618\SIMPLEINSECTRADAR\X64\DEBUG\CHARTCROSSHAIRCURSOR.OBJ
D:\HXG\PROGRAM\TC\02_程序\02_小雷达\02_TEST\0616\SIMPLEINSECTRADAR_20200618\SIMPLEINSECTRADAR\X64\DEBUG\CHARTCTRL.OBJ
D:\HXG\PROGRAM\TC\02_程序\02_小雷达\02_TEST\0616\SIMPLEINSECTRADAR_20200618\SIMPLEINSECTRADAR\X64\DEBUG\CHARTCURSOR.OBJ
D:\HXG\PROGRAM\TC\02_程序\02_小雷达\02_TEST\0616\SIMPLEINSECTRADAR_20200618\SIMPLEINSECTRADAR\X64\DEBUG\CHARTDATETIMEAXIS.OBJ
D:\HXG\PROGRAM\TC\02_程序\02_小雷达\02_TEST\0616\SIMPLEINSECTRADAR_20200618\SIMPLEINSECTRADAR\X64\DEBUG\CHARTDRAGLINECURSOR.OBJ
D:\HXG\PROGRAM\TC\02_程序\02_小雷达\02_TEST\0616\SIMPLEINSECTRADAR_20200618\SIMPLEINSECTRADAR\X64\DEBUG\CHARTFONT.OBJ
D:\HXG\PROGRAM\TC\02_程序\02_小雷达\02_TEST\0616\SIMPLEINSECTRADAR_20200618\SIMPLEINSECTRADAR\X64\DEBUG\CHARTGANTTSERIE.OBJ
D:\HXG\PROGRAM\TC\02_程序\02_小雷达\02_TEST\0616\SIMPLEINSECTRADAR_20200618\SIMPLEINSECTRADAR\X64\DEBUG\CHARTGRADIENT.OBJ
D:\HXG\PROGRAM\TC\02_程序\02_小雷达\02_TEST\0616\SIMPLEINSECTRADAR_20200618\SIMPLEINSECTRADAR\X64\DEBUG\CHARTGRID.OBJ
D:\HXG\PROGRAM\TC\02_程序\02_小雷达\02_TEST\0616\SIMPLEINSECTRADAR_20200618\SIMPLEINSECTRADAR\X64\DEBUG\CHARTLEGEND.OBJ
D:\HXG\PROGRAM\TC\02_程序\02_小雷达\02_TEST\0616\SIMPLEINSECTRADAR_20200618\SIMPLEINSECTRADAR\X64\DEBUG\CHARTLINESERIE.OBJ
D:\HXG\PROGRAM\TC\02_程序\02_小雷达\02_TEST\0616\SIMPLEINSECTRADAR_20200618\SIMPLEINSECTRADAR\X64\DEBUG\CHARTLOGARITHMICAXIS.OBJ
D:\HXG\PROGRAM\TC\02_程序\02_小雷达\02_TEST\0616\SIMPLEINSECTRADAR_20200618\SIMPLEINSECTRADAR\X64\DEBUG\CHARTPOINTSSERIE.OBJ
D:\HXG\PROGRAM\TC\02_程序\02_小雷达\02_TEST\0616\SIMPLEINSECTRADAR_20200618\SIMPLEINSECTRADAR\X64\DEBUG\CHARTSCROLLBAR.OBJ
D:\HXG\PROGRAM\TC\02_程序\02_小雷达\02_TEST\0616\SIMPLEINSECTRADAR_20200618\SIMPLEINSECTRADAR\X64\DEBUG\CHARTSERIE.OBJ
D:\HXG\PROGRAM\TC\02_程序\02_小雷达\02_TEST\0616\SIMPLEINSECTRADAR_20200618\SIMPLEINSECTRADAR\X64\DEBUG\CHARTSTANDARDAXIS.OBJ
D:\HXG\PROGRAM\TC\02_程序\02_小雷达\02_TEST\0616\SIMPLEINSECTRADAR_20200618\SIMPLEINSECTRADAR\X64\DEBUG\CHARTSURFACESERIE.OBJ
D:\HXG\PROGRAM\TC\02_程序\02_小雷达\02_TEST\0616\SIMPLEINSECTRADAR_20200618\SIMPLEINSECTRADAR\X64\DEBUG\CHARTTITLE.OBJ
D:\HXG\PROGRAM\TC\02_程序\02_小雷达\02_TEST\0616\SIMPLEINSECTRADAR_20200618\SIMPLEINSECTRADAR\X64\DEBUG\CHARTXYSERIE.OBJ
D:\HXG\PROGRAM\TC\02_程序\02_小雷达\02_TEST\0616\SIMPLEINSECTRADAR_20200618\SIMPLEINSECTRADAR\X64\DEBUG\CLOGFILE.OBJ
D:\HXG\PROGRAM\TC\02_程序\02_小雷达\02_TEST\0616\SIMPLEINSECTRADAR_20200618\SIMPLEINSECTRADAR\X64\DEBUG\COMMFUN.OBJ
D:\HXG\PROGRAM\TC\02_程序\02_小雷达\02_TEST\0616\SIMPLEINSECTRADAR_20200618\SIMPLEINSECTRADAR\X64\DEBUG\COMMON.OBJ
D:\HXG\PROGRAM\TC\02_程序\02_小雷达\02_TEST\0616\SIMPLEINSECTRADAR_20200618\SIMPLEINSECTRADAR\X64\DEBUG\CURVEFIT.OBJ
D:\HXG\PROGRAM\TC\02_程序\02_小雷达\02_TEST\0616\SIMPLEINSECTRADAR_20200618\SIMPLEINSECTRADAR\X64\DEBUG\DIGISTATIC.OBJ
D:\HXG\PROGRAM\TC\02_程序\02_小雷达\02_TEST\0616\SIMPLEINSECTRADAR_20200618\SIMPLEINSECTRADAR\X64\DEBUG\DSPF_SP_IFFTSPXSP_CN.OBJ
D:\HXG\PROGRAM\TC\02_程序\02_小雷达\02_TEST\0616\SIMPLEINSECTRADAR_20200618\SIMPLEINSECTRADAR\X64\DEBUG\FORMDLG1.OBJ
D:\HXG\PROGRAM\TC\02_程序\02_小雷达\02_TEST\0616\SIMPLEINSECTRADAR_20200618\SIMPLEINSECTRADAR\X64\DEBUG\FORMDLG2.OBJ
D:\HXG\PROGRAM\TC\02_程序\02_小雷达\02_TEST\0616\SIMPLEINSECTRADAR_20200618\SIMPLEINSECTRADAR\X64\DEBUG\FORMDLG3.OBJ
D:\HXG\PROGRAM\TC\02_程序\02_小雷达\02_TEST\0616\SIMPLEINSECTRADAR_20200618\SIMPLEINSECTRADAR\X64\DEBUG\FORMDLG4.OBJ
D:\HXG\PROGRAM\TC\02_程序\02_小雷达\02_TEST\0616\SIMPLEINSECTRADAR_20200618\SIMPLEINSECTRADAR\X64\DEBUG\FORMDLG5.OBJ
D:\HXG\PROGRAM\TC\02_程序\02_小雷达\02_TEST\0616\SIMPLEINSECTRADAR_20200618\SIMPLEINSECTRADAR\X64\DEBUG\PARACONFIG.OBJ
D:\HXG\PROGRAM\TC\02_程序\02_小雷达\02_TEST\0616\SIMPLEINSECTRADAR_20200618\SIMPLEINSECTRADAR\X64\DEBUG\PULLFILECFG.OBJ
D:\HXG\PROGRAM\TC\02_程序\02_小雷达\02_TEST\0616\SIMPLEINSECTRADAR_20200618\SIMPLEINSECTRADAR\X64\DEBUG\SIMPLEINSECTRADAR.EXE.EMBED.MANIFEST
D:\HXG\PROGRAM\TC\02_程序\02_小雷达\02_TEST\0616\SIMPLEINSECTRADAR_20200618\SIMPLEINSECTRADAR\X64\DEBUG\SIMPLEINSECTRADAR.OBJ
D:\HXG\PROGRAM\TC\02_程序\02_小雷达\02_TEST\0616\SIMPLEINSECTRADAR_20200618\SIMPLEINSECTRADAR\X64\DEBUG\SIMPLEINSECTRADAR.PCH
D:\HXG\PROGRAM\TC\02_程序\02_小雷达\02_TEST\0616\SIMPLEINSECTRADAR_20200618\SIMPLEINSECTRADAR\X64\DEBUG\SIMPLEINSECTRADARDLG.OBJ
D:\HXG\PROGRAM\TC\02_程序\02_小雷达\02_TEST\0616\SIMPLEINSECTRADAR_20200618\SIMPLEINSECTRADAR\X64\DEBUG\STDAFX.OBJ
D:\HXG\PROGRAM\TC\02_程序\02_小雷达\02_TEST\0616\SIMPLEINSECTRADAR_20200618\SIMPLEINSECTRADAR\X64\DEBUG\TCPCLIENT.OBJ
D:\HXG\PROGRAM\TC\02_程序\02_小雷达\02_TEST\0616\SIMPLEINSECTRADAR_20200618\SIMPLEINSECTRADAR\X64\DEBUG\UDPCLIENT.OBJ
D:\HXG\PROGRAM\TC\02_程序\02_小雷达\02_TEST\0616\SIMPLEINSECTRADAR_20200618\SIMPLEINSECTRADAR\X64\DEBUG\VC100.PDB
